<?xml version="1.0" encoding="UTF-8"?>
<!-- Generated by org.testng.reporters.JUnitXMLReporter -->
<testsuite ignored="0" hostname="Subbu" failures="0" tests="5" name="Default test" time="5.91" errors="0" timestamp="2024-04-19T19:38:19 IST">
  <testcase classname="restAssured.TestQuotes" name="testGetRandomQuotes" time="2.723"/>
  <testcase classname="restAssured.TestQuotes" name="testPaginatedQuoteResults" time="0.706"/>
  <testcase classname="restAssured.TestQuotes" name="testQuotesByAuthor" time="0.644"/>
  <testcase classname="restAssured.TestQuotes" name="testQuotesByTag" time="0.463"/>
  <testcase classname="restAssured.TestQuotes" name="testSearchQuotesByKeyword" time="0.91"/>
</testsuite> <!-- Default test -->
